<?xml version="1.0" encoding="UTF-8"?>
<!-- Generated by org.testng.reporters.JUnitReportReporter -->
<testsuite hostname="DESKTOP-8U8MQU3" failures="0" tests="1" name="qsp.Test2" time="0.014" errors="0" timestamp="2023-05-12T15:09:34 IST" skipped="0">
  <testcase classname="qsp.Test2" name="data3" time="0.014"/>
  <system-out>
    <![CDATA[3]]>
  </system-out>
</testsuite> <!-- qsp.Test2 -->
