<?xml version="1.0" encoding="UTF-8"?>
<!-- Generated by org.testng.reporters.JUnitReportReporter -->
<testsuite hostname="DESKTOP-8U8MQU3" failures="0" tests="2" name="qsp.Test1" time="0.014" errors="0" timestamp="2023-05-12T15:09:34 IST" skipped="0">
  <testcase classname="qsp.Test1" name="data2" time="0.007"/>
  <system-out>
    <![CDATA[2]]>
  </system-out>
  <testcase classname="qsp.Test1" name="data1" time="0.007"/>
  <system-out>
    <![CDATA[1]]>
  </system-out>
</testsuite> <!-- qsp.Test1 -->
