<?xml version="1.0" encoding="UTF-8"?>
<!-- Generated by org.testng.reporters.JUnitReportReporter -->
<testsuite hostname="DESKTOP-8U8MQU3" failures="0" tests="1" name="qsp.Testscript1" time="27.976" errors="0" timestamp="2023-05-15T18:36:48 IST" skipped="0">
  <testcase classname="qsp.Testscript1" name="Validlogin" time="27.976"/>
  <system-out/>
</testsuite> <!-- qsp.Testscript1 -->
