<?xml version="1.0" encoding="UTF-8"?>
<!-- Generated by org.testng.reporters.JUnitReportReporter -->
<testsuite hostname="DESKTOP-8U8MQU3" failures="0" tests="3" name="qsp.Testng_groups" time="0.020" errors="0" timestamp="2023-05-19T21:43:22 IST" skipped="0">
  <testcase classname="qsp.Testng_groups" name="test1" time="0.014"/>
  <system-out/>
  <testcase classname="qsp.Testng_groups" name="test2" time="0.004"/>
  <system-out/>
  <testcase classname="qsp.Testng_groups" name="test3" time="0.002"/>
  <system-out/>
</testsuite> <!-- qsp.Testng_groups -->
