<?xml version="1.0" encoding="UTF-8"?>
<!-- Generated by org.testng.reporters.JUnitReportReporter -->
<testsuite hostname="DESKTOP-8U8MQU3" failures="0" tests="1" name="Basic_frame_work.Runnerclass1" time="50.254" errors="0" timestamp="2023-05-19T14:17:48 IST" skipped="0">
  <testcase classname="Basic_frame_work.Runnerclass1" name="validlogin" time="50.254"/>
  <system-out/>
</testsuite> <!-- Basic_frame_work.Runnerclass1 -->
