<?xml version="1.0" encoding="UTF-8"?>
<!-- Generated by org.testng.reporters.JUnitReportReporter -->
<testsuite hostname="DESKTOP-8U8MQU3" failures="0" tests="1" name="qsp2.Runnerclass2$Runnerclass" time="17.197" errors="0" timestamp="2023-05-16T15:40:18 IST" skipped="0">
  <testcase classname="qsp2.Runnerclass2$Runnerclass" name="Validlogin" time="17.197"/>
  <system-out/>
</testsuite> <!-- qsp2.Runnerclass2$Runnerclass -->
